10:17:46.657  845  DEBUG fr.sparna.rdf.xls2rdf.app.Convert - Will use output format : text/turtle
10:17:46.661  849  DEBUG fr.sparna.rdf.xls2rdf.app.Convert - Will use ModelWriter : fr.sparna.rdf.xls2rdf.OutputStreamModelWriter
10:17:47.601  1789 DEBUG f.s.rdf.xls2rdf.Xls2RdfConverter - Processing sheet: Sheet1
10:17:47.606  1794 INFO  f.sparna.rdf.xls2rdf.RdfizableSheet - Found proper property in header : http://vocabs.lter-europe.net/EnvThes/
10:17:47.607  1795 INFO  f.sparna.rdf.xls2rdf.RdfizableSheet - Found proper property in header : http://purl.org/zonmw/generic/
10:17:47.608  1796 INFO  f.sparna.rdf.xls2rdf.RdfizableSheet - Found proper property in header : http://purl.org/pav/
10:17:47.609  1797 INFO  f.sparna.rdf.xls2rdf.RdfizableSheet - Found proper property in header : http://purl.org/dc/terms/
10:17:47.610  1798 INFO  f.sparna.rdf.xls2rdf.RdfizableSheet - Found proper property in header : http://www.w3.org/2002/07/owl#
10:17:47.611  1799 INFO  f.sparna.rdf.xls2rdf.RdfizableSheet - Found proper property in header : http://www.w3.org/2001/XMLSchema#
10:17:47.612  1800 INFO  f.sparna.rdf.xls2rdf.RdfizableSheet - Found proper property in header : https://w3id.org/iadopt/ont/
10:17:47.613  1801 INFO  f.sparna.rdf.xls2rdf.RdfizableSheet - Found proper property in header : https://w3id.org/env/puv#
10:17:47.614  1802 INFO  f.sparna.rdf.xls2rdf.RdfizableSheet - Found proper property in header : http://www.w3.org/ns/sosa/
10:17:47.615  1803 INFO  f.sparna.rdf.xls2rdf.RdfizableSheet - Found proper property in header : http://purl.org/vocommons/voaf#
10:17:47.616  1804 INFO  f.sparna.rdf.xls2rdf.RdfizableSheet - Found proper property in header : http://qudt.org/vocab/
10:17:47.618  1806 INFO  f.sparna.rdf.xls2rdf.RdfizableSheet - Found proper property in header : http://vocabs.lter-europe.net/elter_drf/
10:17:47.619  1807 INFO  f.sparna.rdf.xls2rdf.RdfizableSheet - Found proper property in header : https://w3id.org/iadopt/ont/
10:17:47.620  1808 INFO  f.sparna.rdf.xls2rdf.RdfizableSheet - Found proper property in header : http://www.w3.org/1999/02/22-rdf-syntax-ns#
10:17:47.621  1809 INFO  f.sparna.rdf.xls2rdf.RdfizableSheet - Found proper property in header : http://www.w3.org/2000/01/rdf-schema#
10:17:47.622  1810 INFO  f.sparna.rdf.xls2rdf.RdfizableSheet - Found proper property in header : http://omv.ontoware.org/2005/05/ontology
10:17:47.622  1810 INFO  f.sparna.rdf.xls2rdf.RdfizableSheet - Found proper property in header : http://schema.org/
10:17:47.623  1811 INFO  f.sparna.rdf.xls2rdf.RdfizableSheet - Found proper property in header : http://rs.tdwg.org/dwc/terms/
10:17:47.624  1812 INFO  f.sparna.rdf.xls2rdf.RdfizableSheet - Found proper property in header : http://qudt.org/vocab/unit/
10:17:47.625  1813 INFO  f.sparna.rdf.xls2rdf.RdfizableSheet - Found proper property in header : http://vocabs.lter-europe.net/elter_drf/
10:17:47.629  1817 INFO  f.sparna.rdf.xls2rdf.RdfizableSheet - Found proper property in header : https://raw.githubusercontent.com/LTER-Europe/eLTER_DRF/main/eLTER_DRF.ttl
10:17:47.630  1818 INFO  f.sparna.rdf.xls2rdf.RdfizableSheet - Found proper property in header : http://vocabs.lter-europe.net/EnvThes/21672
10:17:47.633  1821 INFO  f.sparna.rdf.xls2rdf.RdfizableSheet - Found proper property in header : http://schema.org/Researcher
10:17:47.634  1822 INFO  f.sparna.rdf.xls2rdf.RdfizableSheet - Found proper property in header : https://ecoportal.lifewatch.eu/
10:17:47.635  1823 INFO  f.sparna.rdf.xls2rdf.RdfizableSheet - Found proper property in header : http://semanticscience.org/resource/SIO_001080
10:17:47.640  1828 INFO  f.sparna.rdf.xls2rdf.RdfizableSheet - Found proper property in header : https://github.com/fair-data-collective/sheet2rdf
10:17:47.641  1829 INFO  f.sparna.rdf.xls2rdf.RdfizableSheet - Found proper property in header : https://creativecommons.org/licenses/by/4.0/
10:17:47.644  1832 INFO  f.sparna.rdf.xls2rdf.RdfizableSheet - Found proper property in header : http://www.w3.org/2004/02/skos/core#prefLabel
10:17:47.645  1833 INFO  f.sparna.rdf.xls2rdf.RdfizableSheet - Found proper property in header : http://www.w3.org/1999/02/22-rdf-syntax-ns#type
10:17:47.645  1833 INFO  f.sparna.rdf.xls2rdf.RdfizableSheet - Found proper property in header : http://www.w3.org/2004/02/skos/core#altLabel
10:17:47.646  1834 INFO  f.sparna.rdf.xls2rdf.RdfizableSheet - Found proper property in header : http://www.w3.org/2004/02/skos/core#definition
10:17:47.646  1834 INFO  f.sparna.rdf.xls2rdf.RdfizableSheet - Found proper property in header : http://schema.org/unitCode
10:17:47.646  1834 INFO  f.sparna.rdf.xls2rdf.RdfizableSheet - Found proper property in header : http://www.w3.org/2004/02/skos/core#example
10:17:47.646  1834 INFO  f.sparna.rdf.xls2rdf.RdfizableSheet - Found proper property in header : http://www.w3.org/2004/02/skos/core#broader
10:17:47.646  1834 INFO  f.sparna.rdf.xls2rdf.RdfizableSheet - Found proper property in header : http://purl.org/dc/terms/source
10:17:47.646  1834 INFO  f.sparna.rdf.xls2rdf.RdfizableSheet - Found proper property in header : http://www.w3.org/2004/02/skos/core#exactMatch
10:17:47.646  1834 INFO  f.sparna.rdf.xls2rdf.RdfizableSheet - Found at least 2 headers with proper property declaration in the first 10 columns, title row is at index 45
10:17:47.648  1836 DEBUG f.s.rdf.xls2rdf.Xls2RdfConverter - Found title row at index 45
10:17:47.650  1838 DEBUG f.s.rdf.xls2rdf.Xls2RdfConverter - Adding value on header object "http://vocabs.lter-europe.net/elter_drf/" with lang en
10:17:47.651  1839 DEBUG f.s.rdf.xls2rdf.Xls2RdfConverter - Adding value on header object "eLTER_DRF" with lang en
10:17:47.653  1841 DEBUG f.s.rdf.xls2rdf.Xls2RdfConverter - Adding value on header object "eLTER Data Reporting Format" with lang en
10:17:47.653  1841 DEBUG f.s.rdf.xls2rdf.Xls2RdfConverter - Adding value on header object "eLTER_DRF" with lang en
10:17:47.653  1841 DEBUG f.s.rdf.xls2rdf.Xls2RdfConverter - Adding value on header object "https://raw.githubusercontent.com/LTER-Europe/eLTER_DRF/main/eLTER_DRF.ttl" with lang en
10:17:47.654  1842 DEBUG f.s.rdf.xls2rdf.Xls2RdfConverter - Adding value on header object "http://vocabs.lter-europe.net/EnvThes/21672" with lang en
10:17:47.654  1842 DEBUG f.s.rdf.xls2rdf.Xls2RdfConverter - Adding value on header object "terms for describe eLTER data reporting" with lang en
10:17:47.654  1842 DEBUG f.s.rdf.xls2rdf.Xls2RdfConverter - Adding value on header object "http://schema.org/Researcher" with lang en
10:17:47.654  1842 DEBUG f.s.rdf.xls2rdf.Xls2RdfConverter - Adding value on header object "http://semanticscience.org/resource/SIO_001080" with lang en
10:17:47.655  1843 DEBUG f.s.rdf.xls2rdf.Xls2RdfConverter - Adding value on header object "eLTER_DRF is..." with lang en
10:17:47.655  1843 DEBUG f.s.rdf.xls2rdf.Xls2RdfConverter - Adding value on header object "Alessandro Oggioni" with lang en
10:17:47.655  1843 DEBUG f.s.rdf.xls2rdf.Xls2RdfConverter - Adding value on header object "Johannes Peterseil" with lang en
10:17:47.655  1843 DEBUG f.s.rdf.xls2rdf.Xls2RdfConverter - Adding value on header object "Sarah Venier" with lang en
10:17:47.655  1843 DEBUG f.s.rdf.xls2rdf.Xls2RdfConverter - Adding value on header object "Allan Souza" with lang en
10:17:47.656  1844 DEBUG f.s.rdf.xls2rdf.Xls2RdfConverter - Adding value on header object "Lisa Reiss" with lang en
10:17:47.656  1844 DEBUG f.s.rdf.xls2rdf.Xls2RdfConverter - Adding value on header object "https://github.com/fair-data-collective/sheet2rdf" with lang en
10:17:47.656  1844 DEBUG f.s.rdf.xls2rdf.Xls2RdfConverter - Adding value on header object "https://creativecommons.org/licenses/by/4.0/" with lang en
10:17:47.656  1844 DEBUG f.s.rdf.xls2rdf.Xls2RdfConverter - Adding value on header object "en" with lang en
10:17:47.656  1844 DEBUG f.s.rdf.xls2rdf.Xls2RdfConverter - Adding value on header object "1.3.0" with lang en
10:17:47.657  1845 DEBUG f.s.rdf.xls2rdf.Xls2RdfConverter - Adding value on header object "2025-12-04" with lang en
10:17:47.657  1845 DEBUG f.s.rdf.xls2rdf.Xls2RdfConverter - Adding value on header object "2025-12-04" with lang en
10:17:47.657  1845 DEBUG f.s.rdf.xls2rdf.Xls2RdfConverter - Converting data with these column headers: 
10:17:47.657  1845 DEBUG f.s.rdf.xls2rdf.Xls2RdfConverter - ColumnHeader [originalValue=Identifier, language=Optional.empty, datatype=Optional.empty, property=null, declaredProperty=Identifier, inverse=false, parameters={}, id=null, reconcileOn=null, headerCell=Identifier]
10:17:47.657  1845 DEBUG f.s.rdf.xls2rdf.Xls2RdfConverter - ColumnHeader [originalValue=skos:prefLabel@en, language=Optional[en], datatype=Optional.empty, property=http://www.w3.org/2004/02/skos/core#prefLabel, declaredProperty=skos:prefLabel, inverse=false, parameters={}, id=null, reconcileOn=null, headerCell=skos:prefLabel@en]
10:17:47.657  1845 DEBUG f.s.rdf.xls2rdf.Xls2RdfConverter - ColumnHeader [originalValue=rdf:type(separtor=","), language=Optional.empty, datatype=Optional.empty, property=http://www.w3.org/1999/02/22-rdf-syntax-ns#type, declaredProperty=rdf:type, inverse=false, parameters={separtor=,}, id=null, reconcileOn=null, headerCell=rdf:type(separtor=",")]
10:17:47.658  1846 DEBUG f.s.rdf.xls2rdf.Xls2RdfConverter - ColumnHeader [originalValue=skos:altLabel@en(separator=","), language=Optional[en], datatype=Optional.empty, property=http://www.w3.org/2004/02/skos/core#altLabel, declaredProperty=skos:altLabel, inverse=false, parameters={separator=,}, id=null, reconcileOn=null, headerCell=skos:altLabel@en(separator=",")]
10:17:47.658  1846 DEBUG f.s.rdf.xls2rdf.Xls2RdfConverter - ColumnHeader [originalValue=skos:definition@en, language=Optional[en], datatype=Optional.empty, property=http://www.w3.org/2004/02/skos/core#definition, declaredProperty=skos:definition, inverse=false, parameters={}, id=null, reconcileOn=null, headerCell=skos:definition@en]
10:17:47.658  1846 DEBUG f.s.rdf.xls2rdf.Xls2RdfConverter - ColumnHeader [originalValue=schema:unitCode, language=Optional.empty, datatype=Optional.empty, property=http://schema.org/unitCode, declaredProperty=schema:unitCode, inverse=false, parameters={}, id=null, reconcileOn=null, headerCell=schema:unitCode]
10:17:47.658  1846 DEBUG f.s.rdf.xls2rdf.Xls2RdfConverter - ColumnHeader [originalValue=skos:example@en, language=Optional[en], datatype=Optional.empty, property=http://www.w3.org/2004/02/skos/core#example, declaredProperty=skos:example, inverse=false, parameters={}, id=null, reconcileOn=null, headerCell=skos:example@en]
10:17:47.658  1846 DEBUG f.s.rdf.xls2rdf.Xls2RdfConverter - ColumnHeader [originalValue=skos:broader(separator=","), language=Optional.empty, datatype=Optional.empty, property=http://www.w3.org/2004/02/skos/core#broader, declaredProperty=skos:broader, inverse=false, parameters={separator=,}, id=null, reconcileOn=null, headerCell=skos:broader(separator=",")]
10:17:47.658  1846 DEBUG f.s.rdf.xls2rdf.Xls2RdfConverter - ColumnHeader [originalValue=dct:source(separator=","), language=Optional.empty, datatype=Optional.empty, property=http://purl.org/dc/terms/source, declaredProperty=dct:source, inverse=false, parameters={separator=,}, id=null, reconcileOn=null, headerCell=dct:source(separator=",")]
10:17:47.658  1846 DEBUG f.s.rdf.xls2rdf.Xls2RdfConverter - ColumnHeader [originalValue=skos:exactMatch(separator=","), language=Optional.empty, datatype=Optional.empty, property=http://www.w3.org/2004/02/skos/core#exactMatch, declaredProperty=skos:exactMatch, inverse=false, parameters={separator=,}, id=null, reconcileOn=null, headerCell=skos:exactMatch(separator=",")]
10:17:47.658  1846 DEBUG f.s.rdf.xls2rdf.Xls2RdfConverter - ColumnHeader [originalValue=dct:isReplacedBy, language=Optional.empty, datatype=Optional.empty, property=http://purl.org/dc/terms/isReplacedBy, declaredProperty=dct:isReplacedBy, inverse=false, parameters={}, id=null, reconcileOn=null, headerCell=dct:isReplacedBy]
10:17:47.659  1847 DEBUG f.s.rdf.xls2rdf.Xls2RdfConverter - ColumnHeader [originalValue=skos:closeMatch(separator=","), language=Optional.empty, datatype=Optional.empty, property=http://www.w3.org/2004/02/skos/core#closeMatch, declaredProperty=skos:closeMatch, inverse=false, parameters={separator=,}, id=null, reconcileOn=null, headerCell=skos:closeMatch(separator=",")]
10:17:47.659  1847 DEBUG f.s.rdf.xls2rdf.Xls2RdfConverter - ColumnHeader [originalValue=skos:narrowMatch(separator=","), language=Optional.empty, datatype=Optional.empty, property=http://www.w3.org/2004/02/skos/core#narrowMatch, declaredProperty=skos:narrowMatch, inverse=false, parameters={separator=,}, id=null, reconcileOn=null, headerCell=skos:narrowMatch(separator=",")]
10:17:47.659  1847 DEBUG f.s.rdf.xls2rdf.Xls2RdfConverter - ColumnHeader [originalValue=skos:related(separator=","), language=Optional.empty, datatype=Optional.empty, property=http://www.w3.org/2004/02/skos/core#related, declaredProperty=skos:related, inverse=false, parameters={separator=,}, id=null, reconcileOn=null, headerCell=skos:related(separator=",")]
10:17:47.659  1847 DEBUG f.s.rdf.xls2rdf.Xls2RdfConverter - ColumnHeader [originalValue=puv:uom, language=Optional.empty, datatype=Optional.empty, property=https://w3id.org/env/puv#uom, declaredProperty=puv:uom, inverse=false, parameters={}, id=null, reconcileOn=null, headerCell=puv:uom]
10:17:47.659  1847 DEBUG f.s.rdf.xls2rdf.Xls2RdfConverter - ColumnHeader [originalValue=skos:note@en, language=Optional[en], datatype=Optional.empty, property=http://www.w3.org/2004/02/skos/core#note, declaredProperty=skos:note, inverse=false, parameters={}, id=null, reconcileOn=null, headerCell=skos:note@en]
10:17:47.659  1847 DEBUG f.s.rdf.xls2rdf.Xls2RdfConverter - ColumnHeader [originalValue=skos:changeNote@en, language=Optional[en], datatype=Optional.empty, property=http://www.w3.org/2004/02/skos/core#changeNote, declaredProperty=skos:changeNote, inverse=false, parameters={}, id=null, reconcileOn=null, headerCell=skos:changeNote@en]
10:17:47.659  1847 DEBUG f.s.rdf.xls2rdf.Xls2RdfConverter - ColumnHeader [originalValue=skos:editorialNote@en, language=Optional[en], datatype=Optional.empty, property=http://www.w3.org/2004/02/skos/core#editorialNote, declaredProperty=skos:editorialNote, inverse=false, parameters={}, id=null, reconcileOn=null, headerCell=skos:editorialNote@en]
10:17:47.659  1847 DEBUG f.s.rdf.xls2rdf.Xls2RdfConverter - ColumnHeader [originalValue=skos:scopeNote@en, language=Optional[en], datatype=Optional.empty, property=http://www.w3.org/2004/02/skos/core#scopeNote, declaredProperty=skos:scopeNote, inverse=false, parameters={}, id=null, reconcileOn=null, headerCell=skos:scopeNote@en]
10:17:47.659  1847 DEBUG f.s.rdf.xls2rdf.Xls2RdfConverter - ColumnHeader [originalValue=owl:deprecated^^xsd:boolean, language=Optional.empty, datatype=Optional[http://www.w3.org/2001/XMLSchema#boolean], property=http://www.w3.org/2002/07/owl#deprecated, declaredProperty=owl:deprecated, inverse=false, parameters={}, id=null, reconcileOn=null, headerCell=owl:deprecated^^xsd:boolean]
10:17:47.659  1847 DEBUG f.s.rdf.xls2rdf.Xls2RdfConverter - ColumnHeader [originalValue=skos:hiddenLabel, language=Optional.empty, datatype=Optional.empty, property=http://www.w3.org/2004/02/skos/core#hiddenLabel, declaredProperty=skos:hiddenLabel, inverse=false, parameters={}, id=null, reconcileOn=null, headerCell=skos:hiddenLabel]
10:17:47.659  1847 DEBUG f.s.rdf.xls2rdf.Xls2RdfConverter - ColumnHeader [originalValue=skos:prefLabel@de, language=Optional[de], datatype=Optional.empty, property=http://www.w3.org/2004/02/skos/core#prefLabel, declaredProperty=skos:prefLabel, inverse=false, parameters={}, id=null, reconcileOn=null, headerCell=skos:prefLabel@de]
10:17:47.660  1848 DEBUG f.s.rdf.xls2rdf.Xls2RdfConverter - ColumnHeader [originalValue=skos:prefLabel@ar, language=Optional[ar], datatype=Optional.empty, property=http://www.w3.org/2004/02/skos/core#prefLabel, declaredProperty=skos:prefLabel, inverse=false, parameters={}, id=null, reconcileOn=null, headerCell=skos:prefLabel@ar]
10:17:47.660  1848 DEBUG f.s.rdf.xls2rdf.Xls2RdfConverter - ColumnHeader [originalValue=skos:prefLabel@bg, language=Optional[bg], datatype=Optional.empty, property=http://www.w3.org/2004/02/skos/core#prefLabel, declaredProperty=skos:prefLabel, inverse=false, parameters={}, id=null, reconcileOn=null, headerCell=skos:prefLabel@bg]
10:17:47.660  1848 DEBUG f.s.rdf.xls2rdf.Xls2RdfConverter - ColumnHeader [originalValue=skos:prefLabel@cs, language=Optional[cs], datatype=Optional.empty, property=http://www.w3.org/2004/02/skos/core#prefLabel, declaredProperty=skos:prefLabel, inverse=false, parameters={}, id=null, reconcileOn=null, headerCell=skos:prefLabel@cs]
10:17:47.660  1848 DEBUG f.s.rdf.xls2rdf.Xls2RdfConverter - ColumnHeader [originalValue=skos:prefLabel@da, language=Optional[da], datatype=Optional.empty, property=http://www.w3.org/2004/02/skos/core#prefLabel, declaredProperty=skos:prefLabel, inverse=false, parameters={}, id=null, reconcileOn=null, headerCell=skos:prefLabel@da]
10:17:47.660  1848 DEBUG f.s.rdf.xls2rdf.Xls2RdfConverter - ColumnHeader [originalValue=skos:prefLabel@el, language=Optional[el], datatype=Optional.empty, property=http://www.w3.org/2004/02/skos/core#prefLabel, declaredProperty=skos:prefLabel, inverse=false, parameters={}, id=null, reconcileOn=null, headerCell=skos:prefLabel@el]
10:17:47.660  1848 DEBUG f.s.rdf.xls2rdf.Xls2RdfConverter - ColumnHeader [originalValue=skos:prefLabel@es, language=Optional[es], datatype=Optional.empty, property=http://www.w3.org/2004/02/skos/core#prefLabel, declaredProperty=skos:prefLabel, inverse=false, parameters={}, id=null, reconcileOn=null, headerCell=skos:prefLabel@es]
10:17:47.660  1848 DEBUG f.s.rdf.xls2rdf.Xls2RdfConverter - ColumnHeader [originalValue=skos:prefLabel@et, language=Optional[et], datatype=Optional.empty, property=http://www.w3.org/2004/02/skos/core#prefLabel, declaredProperty=skos:prefLabel, inverse=false, parameters={}, id=null, reconcileOn=null, headerCell=skos:prefLabel@et]
10:17:47.660  1848 DEBUG f.s.rdf.xls2rdf.Xls2RdfConverter - ColumnHeader [originalValue=skos:prefLabel@fi, language=Optional[fi], datatype=Optional.empty, property=http://www.w3.org/2004/02/skos/core#prefLabel, declaredProperty=skos:prefLabel, inverse=false, parameters={}, id=null, reconcileOn=null, headerCell=skos:prefLabel@fi]
10:17:47.660  1848 DEBUG f.s.rdf.xls2rdf.Xls2RdfConverter - ColumnHeader [originalValue=skos:prefLabel@fr, language=Optional[fr], datatype=Optional.empty, property=http://www.w3.org/2004/02/skos/core#prefLabel, declaredProperty=skos:prefLabel, inverse=false, parameters={}, id=null, reconcileOn=null, headerCell=skos:prefLabel@fr]
10:17:47.660  1848 DEBUG f.s.rdf.xls2rdf.Xls2RdfConverter - ColumnHeader [originalValue=skos:prefLabel@hr, language=Optional[hr], datatype=Optional.empty, property=http://www.w3.org/2004/02/skos/core#prefLabel, declaredProperty=skos:prefLabel, inverse=false, parameters={}, id=null, reconcileOn=null, headerCell=skos:prefLabel@hr]
10:17:47.660  1848 DEBUG f.s.rdf.xls2rdf.Xls2RdfConverter - ColumnHeader [originalValue=skos:prefLabel@hu, language=Optional[hu], datatype=Optional.empty, property=http://www.w3.org/2004/02/skos/core#prefLabel, declaredProperty=skos:prefLabel, inverse=false, parameters={}, id=null, reconcileOn=null, headerCell=skos:prefLabel@hu]
10:17:47.660  1848 DEBUG f.s.rdf.xls2rdf.Xls2RdfConverter - ColumnHeader [originalValue=skos:prefLabel@it, language=Optional[it], datatype=Optional.empty, property=http://www.w3.org/2004/02/skos/core#prefLabel, declaredProperty=skos:prefLabel, inverse=false, parameters={}, id=null, reconcileOn=null, headerCell=skos:prefLabel@it]
10:17:47.661  1849 DEBUG f.s.rdf.xls2rdf.Xls2RdfConverter - ColumnHeader [originalValue=skos:prefLabel@ja, language=Optional[ja], datatype=Optional.empty, property=http://www.w3.org/2004/02/skos/core#prefLabel, declaredProperty=skos:prefLabel, inverse=false, parameters={}, id=null, reconcileOn=null, headerCell=skos:prefLabel@ja]
10:17:47.661  1849 DEBUG f.s.rdf.xls2rdf.Xls2RdfConverter - ColumnHeader [originalValue=skos:prefLabel@lt, language=Optional[lt], datatype=Optional.empty, property=http://www.w3.org/2004/02/skos/core#prefLabel, declaredProperty=skos:prefLabel, inverse=false, parameters={}, id=null, reconcileOn=null, headerCell=skos:prefLabel@lt]
10:17:47.661  1849 DEBUG f.s.rdf.xls2rdf.Xls2RdfConverter - ColumnHeader [originalValue=skos:prefLabel@lv, language=Optional[lv], datatype=Optional.empty, property=http://www.w3.org/2004/02/skos/core#prefLabel, declaredProperty=skos:prefLabel, inverse=false, parameters={}, id=null, reconcileOn=null, headerCell=skos:prefLabel@lv]
10:17:47.661  1849 DEBUG f.s.rdf.xls2rdf.Xls2RdfConverter - ColumnHeader [originalValue=skos:prefLabel@nl, language=Optional[nl], datatype=Optional.empty, property=http://www.w3.org/2004/02/skos/core#prefLabel, declaredProperty=skos:prefLabel, inverse=false, parameters={}, id=null, reconcileOn=null, headerCell=skos:prefLabel@nl]
10:17:47.661  1849 DEBUG f.s.rdf.xls2rdf.Xls2RdfConverter - ColumnHeader [originalValue=skos:prefLabel@no, language=Optional[no], datatype=Optional.empty, property=http://www.w3.org/2004/02/skos/core#prefLabel, declaredProperty=skos:prefLabel, inverse=false, parameters={}, id=null, reconcileOn=null, headerCell=skos:prefLabel@no]
10:17:47.661  1849 DEBUG f.s.rdf.xls2rdf.Xls2RdfConverter - ColumnHeader [originalValue=skos:prefLabel@pl, language=Optional[pl], datatype=Optional.empty, property=http://www.w3.org/2004/02/skos/core#prefLabel, declaredProperty=skos:prefLabel, inverse=false, parameters={}, id=null, reconcileOn=null, headerCell=skos:prefLabel@pl]
10:17:47.661  1849 DEBUG f.s.rdf.xls2rdf.Xls2RdfConverter - ColumnHeader [originalValue=skos:prefLabel@pt, language=Optional[pt], datatype=Optional.empty, property=http://www.w3.org/2004/02/skos/core#prefLabel, declaredProperty=skos:prefLabel, inverse=false, parameters={}, id=null, reconcileOn=null, headerCell=skos:prefLabel@pt]
10:17:47.661  1849 DEBUG f.s.rdf.xls2rdf.Xls2RdfConverter - ColumnHeader [originalValue=skos:prefLabel@ro, language=Optional[ro], datatype=Optional.empty, property=http://www.w3.org/2004/02/skos/core#prefLabel, declaredProperty=skos:prefLabel, inverse=false, parameters={}, id=null, reconcileOn=null, headerCell=skos:prefLabel@ro]
10:17:47.661  1849 DEBUG f.s.rdf.xls2rdf.Xls2RdfConverter - ColumnHeader [originalValue=skos:prefLabel@sk, language=Optional[sk], datatype=Optional.empty, property=http://www.w3.org/2004/02/skos/core#prefLabel, declaredProperty=skos:prefLabel, inverse=false, parameters={}, id=null, reconcileOn=null, headerCell=skos:prefLabel@sk]
10:17:47.661  1849 DEBUG f.s.rdf.xls2rdf.Xls2RdfConverter - ColumnHeader [originalValue=skos:prefLabel@sl, language=Optional[sl], datatype=Optional.empty, property=http://www.w3.org/2004/02/skos/core#prefLabel, declaredProperty=skos:prefLabel, inverse=false, parameters={}, id=null, reconcileOn=null, headerCell=skos:prefLabel@sl]
10:17:47.661  1849 DEBUG f.s.rdf.xls2rdf.Xls2RdfConverter - ColumnHeader [originalValue=skos:prefLabel@sv, language=Optional[sv], datatype=Optional.empty, property=http://www.w3.org/2004/02/skos/core#prefLabel, declaredProperty=skos:prefLabel, inverse=false, parameters={}, id=null, reconcileOn=null, headerCell=skos:prefLabel@sv]
10:17:47.661  1849 DEBUG f.s.rdf.xls2rdf.Xls2RdfConverter - ColumnHeader [originalValue=skos:prefLabel@zh, language=Optional[zh], datatype=Optional.empty, property=http://www.w3.org/2004/02/skos/core#prefLabel, declaredProperty=skos:prefLabel, inverse=false, parameters={}, id=null, reconcileOn=null, headerCell=skos:prefLabel@zh]
10:17:47.661  1849 DEBUG f.s.rdf.xls2rdf.Xls2RdfConverter - ColumnHeader [originalValue=skos:altLabel@de, language=Optional[de], datatype=Optional.empty, property=http://www.w3.org/2004/02/skos/core#altLabel, declaredProperty=skos:altLabel, inverse=false, parameters={}, id=null, reconcileOn=null, headerCell=skos:altLabel@de]
10:17:47.662  1850 DEBUG f.s.rdf.xls2rdf.Xls2RdfConverter - ColumnHeader [originalValue=skos:altLabel@el, language=Optional[el], datatype=Optional.empty, property=http://www.w3.org/2004/02/skos/core#altLabel, declaredProperty=skos:altLabel, inverse=false, parameters={}, id=null, reconcileOn=null, headerCell=skos:altLabel@el]
10:17:47.662  1850 DEBUG f.s.rdf.xls2rdf.Xls2RdfConverter - ColumnHeader [originalValue=skos:altLabel@es, language=Optional[es], datatype=Optional.empty, property=http://www.w3.org/2004/02/skos/core#altLabel, declaredProperty=skos:altLabel, inverse=false, parameters={}, id=null, reconcileOn=null, headerCell=skos:altLabel@es]
10:17:47.662  1850 DEBUG f.s.rdf.xls2rdf.Xls2RdfConverter - ColumnHeader [originalValue=skos:altLabel@fi, language=Optional[fi], datatype=Optional.empty, property=http://www.w3.org/2004/02/skos/core#altLabel, declaredProperty=skos:altLabel, inverse=false, parameters={}, id=null, reconcileOn=null, headerCell=skos:altLabel@fi]
10:17:47.662  1850 DEBUG f.s.rdf.xls2rdf.Xls2RdfConverter - ColumnHeader [originalValue=skos:altLabel@fr, language=Optional[fr], datatype=Optional.empty, property=http://www.w3.org/2004/02/skos/core#altLabel, declaredProperty=skos:altLabel, inverse=false, parameters={}, id=null, reconcileOn=null, headerCell=skos:altLabel@fr]
10:17:47.662  1850 DEBUG f.s.rdf.xls2rdf.Xls2RdfConverter - ColumnHeader [originalValue=skos:altLabel@hu, language=Optional[hu], datatype=Optional.empty, property=http://www.w3.org/2004/02/skos/core#altLabel, declaredProperty=skos:altLabel, inverse=false, parameters={}, id=null, reconcileOn=null, headerCell=skos:altLabel@hu]
10:17:47.662  1850 DEBUG f.s.rdf.xls2rdf.Xls2RdfConverter - ColumnHeader [originalValue=skos:altLabel@it, language=Optional[it], datatype=Optional.empty, property=http://www.w3.org/2004/02/skos/core#altLabel, declaredProperty=skos:altLabel, inverse=false, parameters={}, id=null, reconcileOn=null, headerCell=skos:altLabel@it]
10:17:47.662  1850 DEBUG f.s.rdf.xls2rdf.Xls2RdfConverter - ColumnHeader [originalValue=skos:altLabel@ja, language=Optional[ja], datatype=Optional.empty, property=http://www.w3.org/2004/02/skos/core#altLabel, declaredProperty=skos:altLabel, inverse=false, parameters={}, id=null, reconcileOn=null, headerCell=skos:altLabel@ja]
10:17:47.662  1850 DEBUG f.s.rdf.xls2rdf.Xls2RdfConverter - ColumnHeader [originalValue=skos:altLabel@la, language=Optional[la], datatype=Optional.empty, property=http://www.w3.org/2004/02/skos/core#altLabel, declaredProperty=skos:altLabel, inverse=false, parameters={}, id=null, reconcileOn=null, headerCell=skos:altLabel@la]
10:17:47.662  1850 DEBUG f.s.rdf.xls2rdf.Xls2RdfConverter - ColumnHeader [originalValue=skos:altLabel@lt, language=Optional[lt], datatype=Optional.empty, property=http://www.w3.org/2004/02/skos/core#altLabel, declaredProperty=skos:altLabel, inverse=false, parameters={}, id=null, reconcileOn=null, headerCell=skos:altLabel@lt]
10:17:47.662  1850 DEBUG f.s.rdf.xls2rdf.Xls2RdfConverter - ColumnHeader [originalValue=skos:altLabel@no, language=Optional[no], datatype=Optional.empty, property=http://www.w3.org/2004/02/skos/core#altLabel, declaredProperty=skos:altLabel, inverse=false, parameters={}, id=null, reconcileOn=null, headerCell=skos:altLabel@no]
10:17:47.662  1850 DEBUG f.s.rdf.xls2rdf.Xls2RdfConverter - ColumnHeader [originalValue=skos:altLabel@pl, language=Optional[pl], datatype=Optional.empty, property=http://www.w3.org/2004/02/skos/core#altLabel, declaredProperty=skos:altLabel, inverse=false, parameters={}, id=null, reconcileOn=null, headerCell=skos:altLabel@pl]
10:17:47.662  1850 DEBUG f.s.rdf.xls2rdf.Xls2RdfConverter - ColumnHeader [originalValue=skos:altLabel@pt, language=Optional[pt], datatype=Optional.empty, property=http://www.w3.org/2004/02/skos/core#altLabel, declaredProperty=skos:altLabel, inverse=false, parameters={}, id=null, reconcileOn=null, headerCell=skos:altLabel@pt]
10:17:47.662  1850 DEBUG f.s.rdf.xls2rdf.Xls2RdfConverter - ColumnHeader [originalValue=skos:altLabel@sl, language=Optional[sl], datatype=Optional.empty, property=http://www.w3.org/2004/02/skos/core#altLabel, declaredProperty=skos:altLabel, inverse=false, parameters={}, id=null, reconcileOn=null, headerCell=skos:altLabel@sl]
10:17:47.663  1851 DEBUG f.s.rdf.xls2rdf.Xls2RdfConverter - ColumnHeader [originalValue=skos:altLabel@sv, language=Optional[sv], datatype=Optional.empty, property=http://www.w3.org/2004/02/skos/core#altLabel, declaredProperty=skos:altLabel, inverse=false, parameters={}, id=null, reconcileOn=null, headerCell=skos:altLabel@sv]
10:17:47.663  1851 DEBUG f.s.rdf.xls2rdf.Xls2RdfConverter - ColumnHeader [originalValue=skos:altLabel@zh, language=Optional[zh], datatype=Optional.empty, property=http://www.w3.org/2004/02/skos/core#altLabel, declaredProperty=skos:altLabel, inverse=false, parameters={}, id=null, reconcileOn=null, headerCell=skos:altLabel@zh]
10:17:47.663  1851 DEBUG f.s.rdf.xls2rdf.Xls2RdfConverter - ColumnHeader [originalValue=skos:altLabel@zh-tw, language=Optional[zh-tw], datatype=Optional.empty, property=http://www.w3.org/2004/02/skos/core#altLabel, declaredProperty=skos:altLabel, inverse=false, parameters={}, id=null, reconcileOn=null, headerCell=skos:altLabel@zh-tw]
10:17:47.663  1851 DEBUG f.s.rdf.xls2rdf.Xls2RdfConverter - ColumnHeader [originalValue=skos:definition@de, language=Optional[de], datatype=Optional.empty, property=http://www.w3.org/2004/02/skos/core#definition, declaredProperty=skos:definition, inverse=false, parameters={}, id=null, reconcileOn=null, headerCell=skos:definition@de]
10:17:47.663  1851 DEBUG f.s.rdf.xls2rdf.Xls2RdfConverter - ColumnHeader [originalValue=skos:definition@es, language=Optional[es], datatype=Optional.empty, property=http://www.w3.org/2004/02/skos/core#definition, declaredProperty=skos:definition, inverse=false, parameters={}, id=null, reconcileOn=null, headerCell=skos:definition@es]
10:17:47.663  1851 DEBUG f.s.rdf.xls2rdf.Xls2RdfConverter - ColumnHeader [originalValue=skos:definition@fi, language=Optional[fi], datatype=Optional.empty, property=http://www.w3.org/2004/02/skos/core#definition, declaredProperty=skos:definition, inverse=false, parameters={}, id=null, reconcileOn=null, headerCell=skos:definition@fi]
10:17:47.663  1851 DEBUG f.s.rdf.xls2rdf.Xls2RdfConverter - ColumnHeader [originalValue=skos:definition@fr, language=Optional[fr], datatype=Optional.empty, property=http://www.w3.org/2004/02/skos/core#definition, declaredProperty=skos:definition, inverse=false, parameters={}, id=null, reconcileOn=null, headerCell=skos:definition@fr]
10:17:47.663  1851 DEBUG f.s.rdf.xls2rdf.Xls2RdfConverter - ColumnHeader [originalValue=skos:definition@it, language=Optional[it], datatype=Optional.empty, property=http://www.w3.org/2004/02/skos/core#definition, declaredProperty=skos:definition, inverse=false, parameters={}, id=null, reconcileOn=null, headerCell=skos:definition@it]
10:17:47.663  1851 DEBUG f.s.rdf.xls2rdf.Xls2RdfConverter - ColumnHeader [originalValue=skos:definition@ja, language=Optional[ja], datatype=Optional.empty, property=http://www.w3.org/2004/02/skos/core#definition, declaredProperty=skos:definition, inverse=false, parameters={}, id=null, reconcileOn=null, headerCell=skos:definition@ja]
10:17:47.663  1851 DEBUG f.s.rdf.xls2rdf.Xls2RdfConverter - ColumnHeader [originalValue=skos:definition@no, language=Optional[no], datatype=Optional.empty, property=http://www.w3.org/2004/02/skos/core#definition, declaredProperty=skos:definition, inverse=false, parameters={}, id=null, reconcileOn=null, headerCell=skos:definition@no]
10:17:47.663  1851 DEBUG f.s.rdf.xls2rdf.Xls2RdfConverter - ColumnHeader [originalValue=skos:definition@pl, language=Optional[pl], datatype=Optional.empty, property=http://www.w3.org/2004/02/skos/core#definition, declaredProperty=skos:definition, inverse=false, parameters={}, id=null, reconcileOn=null, headerCell=skos:definition@pl]
10:17:47.663  1851 DEBUG f.s.rdf.xls2rdf.Xls2RdfConverter - ColumnHeader [originalValue=skos:definition@pt, language=Optional[pt], datatype=Optional.empty, property=http://www.w3.org/2004/02/skos/core#definition, declaredProperty=skos:definition, inverse=false, parameters={}, id=null, reconcileOn=null, headerCell=skos:definition@pt]
10:17:47.664  1852 DEBUG f.s.rdf.xls2rdf.Xls2RdfConverter - ColumnHeader [originalValue=skos:definition@zh, language=Optional[zh], datatype=Optional.empty, property=http://www.w3.org/2004/02/skos/core#definition, declaredProperty=skos:definition, inverse=false, parameters={}, id=null, reconcileOn=null, headerCell=skos:definition@zh]
10:17:47.664  1852 DEBUG f.s.rdf.xls2rdf.Xls2RdfConverter - ColumnHeader [originalValue=skos:definition@sv, language=Optional[sv], datatype=Optional.empty, property=http://www.w3.org/2004/02/skos/core#definition, declaredProperty=skos:definition, inverse=false, parameters={}, id=null, reconcileOn=null, headerCell=skos:definition@sv]
10:17:47.664  1852 DEBUG f.s.rdf.xls2rdf.Xls2RdfConverter - ColumnHeader [originalValue=skos:broadMatch(separator=","), language=Optional.empty, datatype=Optional.empty, property=http://www.w3.org/2004/02/skos/core#broadMatch, declaredProperty=skos:broadMatch, inverse=false, parameters={separator=,}, id=null, reconcileOn=null, headerCell=skos:broadMatch(separator=",")]
10:17:47.664  1852 DEBUG f.s.rdf.xls2rdf.Xls2RdfConverter - ColumnHeader [originalValue=owl:sameAs(separator=","), language=Optional.empty, datatype=Optional.empty, property=http://www.w3.org/2002/07/owl#sameAs, declaredProperty=owl:sameAs, inverse=false, parameters={separator=,}, id=null, reconcileOn=null, headerCell=owl:sameAs(separator=",")]
10:17:47.664  1852 DEBUG f.s.rdf.xls2rdf.Xls2RdfConverter - ColumnHeader [originalValue=rdfs:seeAlso, language=Optional.empty, datatype=Optional.empty, property=http://www.w3.org/2000/01/rdf-schema#seeAlso, declaredProperty=rdfs:seeAlso, inverse=false, parameters={}, id=null, reconcileOn=null, headerCell=rdfs:seeAlso]
10:17:47.664  1852 DEBUG f.s.rdf.xls2rdf.Xls2RdfConverter - ColumnHeader [originalValue=schema:unitCode, language=Optional.empty, datatype=Optional.empty, property=http://schema.org/unitCode, declaredProperty=schema:unitCode, inverse=false, parameters={}, id=null, reconcileOn=null, headerCell=schema:unitCode]
10:17:47.664  1852 DEBUG f.s.rdf.xls2rdf.Xls2RdfConverter - ColumnHeader [originalValue=dct:contributor, language=Optional.empty, datatype=Optional.empty, property=http://purl.org/dc/terms/contributor, declaredProperty=dct:contributor, inverse=false, parameters={}, id=null, reconcileOn=null, headerCell=dct:contributor]
10:17:47.664  1852 DEBUG f.s.rdf.xls2rdf.Xls2RdfConverter - ColumnHeader [originalValue=dct:created^^xsd:date, language=Optional.empty, datatype=Optional[http://www.w3.org/2001/XMLSchema#date], property=http://purl.org/dc/terms/created, declaredProperty=dct:created, inverse=false, parameters={}, id=null, reconcileOn=null, headerCell=dct:created^^xsd:date]
10:17:47.664  1852 DEBUG f.s.rdf.xls2rdf.Xls2RdfConverter - ColumnHeader [originalValue=dct:creator, language=Optional.empty, datatype=Optional.empty, property=http://purl.org/dc/terms/creator, declaredProperty=dct:creator, inverse=false, parameters={}, id=null, reconcileOn=null, headerCell=dct:creator]
10:17:47.664  1852 DEBUG f.s.rdf.xls2rdf.Xls2RdfConverter - ColumnHeader [originalValue=dct:modified^^xsd:date, language=Optional.empty, datatype=Optional[http://www.w3.org/2001/XMLSchema#date], property=http://purl.org/dc/terms/modified, declaredProperty=dct:modified, inverse=false, parameters={}, id=null, reconcileOn=null, headerCell=dct:modified^^xsd:date]
10:17:47.664  1852 INFO  f.s.rdf.xls2rdf.Xls2RdfConverter - Converting rows...
10:17:47.914  2102 INFO  f.s.rdf.xls2rdf.Xls2RdfConverter - Applying SKOS post-processings on the result
10:17:47.915  2103 DEBUG f.s.rdf.xls2rdf.SkosPostProcessor - Postprocessing : SkosPostProcessor
10:17:47.916  2104 DEBUG f.s.rdf.xls2rdf.SkosPostProcessor - Considering main resource like a ConceptScheme.
10:17:47.920  2108 DEBUG f.s.rdf.xls2rdf.SkosPostProcessor - Adding inverse skos:broader and skos:narrower
10:17:47.924  2112 DEBUG f.s.rdf.xls2rdf.SkosPostProcessor - Adding skos:inScheme
10:17:47.926  2114 DEBUG f.s.rdf.xls2rdf.SkosPostProcessor - Setting rdf:type skos:ConceptScheme to main resource
10:17:47.926  2114 DEBUG f.s.rdf.xls2rdf.SkosPostProcessor - Adding skos:hasTopConcept / skos:topConceptOf
10:17:47.929  2117 DEBUG f.s.rdf.xls2rdf.Xls2RdfConverter - Saving graph of 1245 statements generated from Sheet Sheet1
